<?xml version="1.0" encoding="UTF-8"?>
<!-- Generated by org.testng.reporters.JUnitReportReporter -->
<testsuite hostname="DESKTOP-01S0H3O" failures="0" tests="1" name="testCasesTrainBookingFunctionality.TrainSearchToCheckout" time="28.954" errors="0" timestamp="2025-03-13T12:46:47 IST" skipped="0">
  <testcase classname="testCasesTrainBookingFunctionality.TrainSearchToCheckout" name="Script003TrainBookingCheckout" time="28.954"/>
  <system-out/>
</testsuite> <!-- testCasesTrainBookingFunctionality.TrainSearchToCheckout -->
