<?xml version="1.0" encoding="UTF-8"?>
<!-- Generated by org.testng.reporters.JUnitReportReporter -->
<testsuite hostname="DESKTOP-01S0H3O" failures="0" tests="3" name="testCasesTrainBookingFunctionality.TrainSearchToCheckout" time="56.246" errors="0" timestamp="2025-03-13T09:55:31 IST" skipped="0">
  <testcase classname="testCasesTrainBookingFunctionality.TrainSearchToCheckout" name="Script001Serch" time="17.006"/>
  <system-out/>
  <testcase classname="testCasesTrainBookingFunctionality.TrainSearchToCheckout" name="Script003TrainBookingCheckout" time="21.229"/>
  <system-out/>
  <testcase classname="testCasesTrainBookingFunctionality.TrainSearchToCheckout" name="Script002TrainList" time="18.011"/>
  <system-out/>
</testsuite> <!-- testCasesTrainBookingFunctionality.TrainSearchToCheckout -->
