<?xml version="1.0" encoding="UTF-8"?>
<!-- Generated by org.testng.reporters.JUnitReportReporter -->
<testsuite hostname="DESKTOP-01S0H3O" failures="0" tests="1" name="testCasesTrainBookingFunctionality.TrainSearchToCheckout" time="19.039" errors="0" timestamp="2025-03-13T08:30:51 IST" skipped="0">
  <testcase classname="testCasesTrainBookingFunctionality.TrainSearchToCheckout" name="Script" time="19.039"/>
  <system-out/>
</testsuite> <!-- testCasesTrainBookingFunctionality.TrainSearchToCheckout -->
