<?xml version="1.0" encoding="UTF-8"?>
<!-- Generated by org.testng.reporters.JUnitReportReporter -->
<testsuite hostname="DESKTOP-01S0H3O" failures="0" tests="1" name="testCasesHotelBookingFunctionality.Case1" time="15.658" errors="0" timestamp="2025-02-08T20:24:44 IST" skipped="0">
  <testcase classname="testCasesHotelBookingFunctionality.Case1" name="Script" time="15.658"/>
</testsuite> <!-- testCasesHotelBookingFunctionality.Case1 -->
